c:\users\administrator\desktop\datacommassign1\datacommassign1\debug\vc141.pdb
c:\users\administrator\desktop\datacommassign1\datacommassign1\debug\vc141.idb
c:\users\administrator\desktop\datacommassign1\datacommassign1\debug\session.obj
c:\users\administrator\desktop\datacommassign1\datacommassign1\debug\application.obj
c:\users\administrator\desktop\datacommassign1\datacommassign1\debug\physical.obj
c:\users\administrator\desktop\project\datacommassign1\debug\vc141.pdb
c:\users\administrator\desktop\project\datacommassign1\debug\vc141.idb
c:\users\administrator\desktop\project\datacommassign1\debug\session.obj
c:\users\administrator\desktop\project\datacommassign1\debug\application.obj
c:\users\administrator\desktop\project\datacommassign1\debug\physical.obj
c:\users\administrator\desktop\datacommassign1\debug\datacommassign1.exe
c:\users\administrator\desktop\datacommassign1\debug\datacommassign1.ilk
c:\users\administrator\desktop\datacommassign1\debug\datacommassign1.pdb
c:\users\administrator\desktop\project\debug\datacommassign1.exe
c:\users\administrator\desktop\project\debug\datacommassign1.ilk
c:\users\administrator\desktop\project\debug\datacommassign1.pdb
c:\users\administrator\desktop\datacommassign1\datacommassign1\debug\datacommassign1.res
c:\users\administrator\desktop\datacommassign1\datacommassign1\debug\menu.res
c:\users\administrator\desktop\project\datacommassign1\debug\datacommassign1.res
c:\users\administrator\desktop\project\datacommassign1\debug\menu.res
c:\users\administrator\desktop\project\datacommassign1\debug\datacommassign1.obj
c:\users\administrator\desktop\project\datacommassign1\debug\physicalheader.obj
c:\users\administrator\desktop\project\datacommassign1\debug\application.obj.enc
c:\users\administrator\desktop\project\datacommassign1\debug\datacommassign1.obj.enc
c:\users\administrator\desktop\project\datacommassign1\debug\datacommassign1.tlog\cl.command.1.tlog
c:\users\administrator\desktop\project\datacommassign1\debug\datacommassign1.tlog\cl.read.1.tlog
c:\users\administrator\desktop\project\datacommassign1\debug\datacommassign1.tlog\cl.write.1.tlog
c:\users\administrator\desktop\project\datacommassign1\debug\datacommassign1.tlog\link.command.1.tlog
c:\users\administrator\desktop\project\datacommassign1\debug\datacommassign1.tlog\link.read.1.tlog
c:\users\administrator\desktop\project\datacommassign1\debug\datacommassign1.tlog\link.write.1.tlog
c:\users\administrator\desktop\project\datacommassign1\debug\datacommassign1.tlog\rc.command.1.tlog
c:\users\administrator\desktop\project\datacommassign1\debug\datacommassign1.tlog\rc.read.1.tlog
c:\users\administrator\desktop\project\datacommassign1\debug\datacommassign1.tlog\rc.write.1.tlog
