  voipPlay.cpp
c:\users\administrator\desktop\updated\commaudio-chat\datacommassign1\voipplay.cpp(168): warning C4473: 'printf' : not enough arguments passed for format string
  c:\users\administrator\desktop\updated\commaudio-chat\datacommassign1\voipplay.cpp(168): note: placeholders and their parameters expect 1 variadic arguments, but 0 were provided
  c:\users\administrator\desktop\updated\commaudio-chat\datacommassign1\voipplay.cpp(168): note: the missing variadic argument 1 is required by format string '%d'
c:\users\administrator\desktop\updated\commaudio-chat\datacommassign1\voipplay.cpp(47): warning C4101: 'callbackInstance': unreferenced local variable
c:\users\administrator\desktop\updated\commaudio-chat\datacommassign1\voipplay.cpp(37): warning C4101: 'mmckinfoSubchunk': unreferenced local variable
c:\users\administrator\desktop\updated\commaudio-chat\datacommassign1\voipplay.cpp(35): warning C4101: 'hmmio': unreferenced local variable
c:\users\administrator\desktop\updated\commaudio-chat\datacommassign1\voipplay.cpp(103): warning C4101: 'outBuffers': unreferenced local variable
c:\users\administrator\desktop\updated\commaudio-chat\datacommassign1\voipplay.cpp(53): warning C4101: 'bytesReadPerSecond': unreferenced local variable
c:\users\administrator\desktop\updated\commaudio-chat\datacommassign1\voipplay.cpp(38): warning C4101: 'dwFmtSize': unreferenced local variable
c:\users\administrator\desktop\updated\commaudio-chat\datacommassign1\voipplay.cpp(36): warning C4101: 'mmckinfoParent': unreferenced local variable
c:\users\administrator\desktop\updated\commaudio-chat\datacommassign1\voipplay.cpp(39): warning C4101: 'dwDataSize': unreferenced local variable
c:\users\administrator\desktop\updated\commaudio-chat\datacommassign1\voipplay.cpp(48): warning C4101: 'waveHdr': unreferenced local variable
c:\users\administrator\desktop\updated\commaudio-chat\datacommassign1\voipplay.cpp(34): warning C4101: 'szFileName': unreferenced local variable
c:\users\administrator\desktop\updated\commaudio-chat\datacommassign1\voipplay.cpp(41): warning C4101: 'lpData': unreferenced local variable
c:\users\administrator\desktop\updated\commaudio-chat\datacommassign1\voipplay.cpp(238): warning C4101: 'bytesSent': unreferenced local variable
c:\users\administrator\desktop\updated\commaudio-chat\datacommassign1\voipplay.cpp(328): warning C4101: 'RecvBytes': unreferenced local variable
c:\users\administrator\desktop\updated\commaudio-chat\datacommassign1\voipplay.cpp(329): warning C4101: 'Flags': unreferenced local variable
c:\users\administrator\desktop\updated\commaudio-chat\datacommassign1\voipplay.cpp(328): warning C4101: 'SendBytes': unreferenced local variable
  DataCommAssign1.vcxproj -> C:\Users\Administrator\Desktop\updated\CommAudio-Chat\Debug\DataCommAssign1.exe
